<?xml version="1.0" encoding="UTF-8"?>
<!-- Generated by org.testng.reporters.JUnitReportReporter -->
<testsuite hostname="Patels-MacBook-Pro.local" failures="0" tests="1" name="com.NopCommerce.TestCase.TC_LoginTest_001" time="11.392" errors="0" timestamp="2021-09-14T18:23:28 CDT" skipped="0">
  <testcase classname="com.NopCommerce.TestCase.TC_LoginTest_001" name="logintest" time="11.392"/>
  <system-out/>
</testsuite> <!-- com.NopCommerce.TestCase.TC_LoginTest_001 -->
