<?xml version="1.0" encoding="UTF-8"?>
<!-- Generated by org.testng.reporters.JUnitReportReporter -->
<testsuite hostname="Patels-MacBook-Pro.local" failures="0" tests="1" name="com.NopCommerce.TestCase.TC_SearchCustomer_004" time="11.241" errors="0" timestamp="2021-10-02T09:18:05 CDT" skipped="0">
  <testcase classname="com.NopCommerce.TestCase.TC_SearchCustomer_004" name="searchCustomerTest" time="11.241"/>
  <system-out/>
</testsuite> <!-- com.NopCommerce.TestCase.TC_SearchCustomer_004 -->
