<?xml version="1.0" encoding="UTF-8"?>
<!-- Generated by org.testng.reporters.JUnitReportReporter -->
<testsuite hostname="Patels-MacBook-Pro.local" failures="0" tests="1" name="com.NopCommerce.TestCase.TC_SearchCustomer_004" time="15.639" errors="0" timestamp="2021-10-03T07:11:25 CDT" skipped="0">
  <testcase classname="com.NopCommerce.TestCase.TC_SearchCustomer_004" name="searchCustomerTest" time="15.639"/>
  <system-out/>
</testsuite> <!-- com.NopCommerce.TestCase.TC_SearchCustomer_004 -->
