<?xml version="1.0" encoding="UTF-8"?>
<!-- Generated by org.testng.reporters.JUnitReportReporter -->
<testsuite hostname="Patels-MacBook-Pro.local" failures="0" tests="1" name="com.NopCommerce.TestCase.TC_AddCustomerTest_003" time="17.357" errors="0" timestamp="2021-09-15T08:05:22 CDT" skipped="0">
  <testcase classname="com.NopCommerce.TestCase.TC_AddCustomerTest_003" name="addCustomerTest" time="17.357"/>
  <system-out/>
</testsuite> <!-- com.NopCommerce.TestCase.TC_AddCustomerTest_003 -->
